<?xml version="1.0" encoding="UTF-8"?>
<testsuite name="org.vijayi.commenting.user.service.UserServiceTest" tests="7" skipped="0" failures="0" errors="0" timestamp="2023-11-09T19:30:49" hostname="DESKTOP-BFNHOD6" time="0.69">
  <properties/>
  <testcase name="shouldNotIsValidUserNameWhenEmpty()" classname="org.vijayi.commenting.user.service.UserServiceTest" time="0.001"/>
  <testcase name="shouldIsAvailableInDb()" classname="org.vijayi.commenting.user.service.UserServiceTest" time="0.652"/>
  <testcase name="shouldIsAvailableInDbWhenNotInDb()" classname="org.vijayi.commenting.user.service.UserServiceTest" time="0.009"/>
  <testcase name="shouldIsValidUserName()" classname="org.vijayi.commenting.user.service.UserServiceTest" time="0.002"/>
  <testcase name="shouldNotIsValidUserNameWhenSpecialChar()" classname="org.vijayi.commenting.user.service.UserServiceTest" time="0.002"/>
  <testcase name="shouldNotIsValidUserNameWhenHasNumber()" classname="org.vijayi.commenting.user.service.UserServiceTest" time="0.01"/>
  <testcase name="shouldNotIsValidUserNameWhenSymbol()" classname="org.vijayi.commenting.user.service.UserServiceTest" time="0.003"/>
  <system-out><![CDATA[]]></system-out>
  <system-err><![CDATA[]]></system-err>
</testsuite>
