<?xml version="1.0" encoding="UTF-8"?>
<testsuite name="org.vijayi.commenting.comment.view.CommentControllerTest" tests="4" skipped="0" failures="0" errors="0" timestamp="2023-11-09T22:03:09" hostname="DESKTOP-BFNHOD6" time="0.206">
  <properties/>
  <testcase name="shouldNotAddCommentWhenPostedByNotFoundInDb()" classname="org.vijayi.commenting.comment.view.CommentControllerTest" time="0.191"/>
  <testcase name="shouldNotAddCommentWhenInvalidUserNameException()" classname="org.vijayi.commenting.comment.view.CommentControllerTest" time="0.004"/>
  <testcase name="shouldAddComment()" classname="org.vijayi.commenting.comment.view.CommentControllerTest" time="0.004"/>
  <testcase name="shouldNotAddCommentWhenPostedForUnableToAddInDb()" classname="org.vijayi.commenting.comment.view.CommentControllerTest" time="0.004"/>
  <system-out><![CDATA[]]></system-out>
  <system-err><![CDATA[]]></system-err>
</testsuite>
