<?xml version="1.0" encoding="UTF-8"?>
<testsuite name="org.vijayi.commenting.comment.view.CommentControllerTest" tests="6" skipped="0" failures="0" errors="0" timestamp="2023-11-10T18:43:26" hostname="DESKTOP-BFNHOD6" time="0.12">
  <properties/>
  <testcase name="shouldNotAddCommentWhenPostedByNotFoundInDb()" classname="org.vijayi.commenting.comment.view.CommentControllerTest" time="0.081"/>
  <testcase name="shouldNotAddCommentWhenInvalidUserNameException()" classname="org.vijayi.commenting.comment.view.CommentControllerTest" time="0.007"/>
  <testcase name="shouldNotAddCommentWhenUnableToAddCommentInDb()" classname="org.vijayi.commenting.comment.view.CommentControllerTest" time="0.004"/>
  <testcase name="shouldNotAddCommentWhenMessageIsEmptyOrNull()" classname="org.vijayi.commenting.comment.view.CommentControllerTest" time="0.008"/>
  <testcase name="shouldAddComment()" classname="org.vijayi.commenting.comment.view.CommentControllerTest" time="0.006"/>
  <testcase name="shouldNotAddCommentWhenPostedForUnableToAddInDb()" classname="org.vijayi.commenting.comment.view.CommentControllerTest" time="0.007"/>
  <system-out><![CDATA[]]></system-out>
  <system-err><![CDATA[]]></system-err>
</testsuite>
