<?xml version="1.0" encoding="UTF-8"?>
<testsuite name="org.vijayi.commenting.comment.view.CommentControllerTest" tests="2" skipped="0" failures="0" errors="0" timestamp="2023-11-09T11:54:02" hostname="DESKTOP-BFNHOD6" time="0.262">
  <properties/>
  <testcase name="shouldNotAddCommentWhenInvalidUserNameException()" classname="org.vijayi.commenting.comment.view.CommentControllerTest" time="0.145"/>
  <testcase name="shouldNotAddComment()" classname="org.vijayi.commenting.comment.view.CommentControllerTest" time="0.116"/>
  <system-out><![CDATA[]]></system-out>
  <system-err><![CDATA[]]></system-err>
</testsuite>
