<?xml version="1.0" encoding="UTF-8"?>
<testsuite name="org.vijayi.commenting.user.service.UserServiceTest" tests="9" skipped="0" failures="0" errors="0" timestamp="2023-11-11T18:25:23" hostname="DESKTOP-BFNHOD6" time="0.295">
  <properties/>
  <testcase name="shouldNotIsValidUserNameWhenEmpty()" classname="org.vijayi.commenting.user.service.UserServiceTest" time="0.012"/>
  <testcase name="shouldIsAvailableInDb()" classname="org.vijayi.commenting.user.service.UserServiceTest" time="0.218"/>
  <testcase name="shouldNotAddUserToDb()" classname="org.vijayi.commenting.user.service.UserServiceTest" time="0.012"/>
  <testcase name="shouldAddUserToDb()" classname="org.vijayi.commenting.user.service.UserServiceTest" time="0.002"/>
  <testcase name="shouldIsAvailableInDbWhenNotInDb()" classname="org.vijayi.commenting.user.service.UserServiceTest" time="0.017"/>
  <testcase name="shouldIsValidUserName()" classname="org.vijayi.commenting.user.service.UserServiceTest" time="0.0"/>
  <testcase name="shouldNotIsValidUserNameWhenSpecialChar()" classname="org.vijayi.commenting.user.service.UserServiceTest" time="0.013"/>
  <testcase name="shouldNotIsValidUserNameWhenHasNumber()" classname="org.vijayi.commenting.user.service.UserServiceTest" time="0.001"/>
  <testcase name="shouldNotIsValidUserNameWhenSymbol()" classname="org.vijayi.commenting.user.service.UserServiceTest" time="0.001"/>
  <system-out><![CDATA[]]></system-out>
  <system-err><![CDATA[]]></system-err>
</testsuite>
