<?xml version="1.0" encoding="UTF-8"?>
<testsuite name="org.vijayi.commenting.comment.service.CommentServiceTest" tests="2" skipped="0" failures="0" errors="0" timestamp="2023-11-09T11:54:00" hostname="DESKTOP-BFNHOD6" time="2.186">
  <properties/>
  <testcase name="shouldNotAddCommentWhenInvalidUserName()" classname="org.vijayi.commenting.comment.service.CommentServiceTest" time="2.173"/>
  <testcase name="shouldAddComment()" classname="org.vijayi.commenting.comment.service.CommentServiceTest" time="0.011"/>
  <system-out><![CDATA[]]></system-out>
  <system-err><![CDATA[]]></system-err>
</testsuite>
